\BOOKMARK [0][-]{chapter.1}{Introduction}{}% 1
\BOOKMARK [1][-]{section.1.1}{Purpose}{chapter.1}% 2
\BOOKMARK [1][-]{section.1.2}{Document Conventions}{chapter.1}% 3
\BOOKMARK [1][-]{section.1.3}{Intended Audience and Reading Suggestions}{chapter.1}% 4
\BOOKMARK [1][-]{section.1.4}{Project Scope}{chapter.1}% 5
\BOOKMARK [1][-]{section.1.5}{References}{chapter.1}% 6
\BOOKMARK [1][-]{section.1.6}{Definitions, Acronyms and Abbreviations Used}{chapter.1}% 7
\BOOKMARK [0][-]{chapter.2}{Overall Description}{}% 8
\BOOKMARK [1][-]{section.2.1}{Product Perspective}{chapter.2}% 9
\BOOKMARK [1][-]{section.2.2}{Product Functions}{chapter.2}% 10
\BOOKMARK [1][-]{section.2.3}{User Classes and Characteristics}{chapter.2}% 11
\BOOKMARK [1][-]{section.2.4}{Operating Environment}{chapter.2}% 12
\BOOKMARK [1][-]{section.2.5}{Design and Implementation Constraints}{chapter.2}% 13
\BOOKMARK [1][-]{section.2.6}{User Documentation}{chapter.2}% 14
\BOOKMARK [1][-]{section.2.7}{Assumptions and Dependencies}{chapter.2}% 15
\BOOKMARK [0][-]{chapter.3}{External Interface Requirements}{}% 16
\BOOKMARK [1][-]{section.3.1}{User Interfaces}{chapter.3}% 17
\BOOKMARK [1][-]{section.3.2}{Hardware Interfaces}{chapter.3}% 18
\BOOKMARK [1][-]{section.3.3}{Software Interfaces}{chapter.3}% 19
\BOOKMARK [1][-]{section.3.4}{Communications Interfaces}{chapter.3}% 20
\BOOKMARK [0][-]{chapter.4}{System Features}{}% 21
\BOOKMARK [1][-]{section.4.1}{Query for book}{chapter.4}% 22
\BOOKMARK [2][-]{subsection.4.1.1}{Description and Priority}{section.4.1}% 23
\BOOKMARK [2][-]{subsection.4.1.2}{Stimulus/Response Sequences}{section.4.1}% 24
\BOOKMARK [2][-]{subsection.4.1.3}{Functional Requirements}{section.4.1}% 25
\BOOKMARK [1][-]{section.4.2}{Display details}{chapter.4}% 26
\BOOKMARK [2][-]{subsection.4.2.1}{Description and Priority}{section.4.2}% 27
\BOOKMARK [2][-]{subsection.4.2.2}{Stimulus/Response Sequences}{section.4.2}% 28
\BOOKMARK [2][-]{subsection.4.2.3}{Functional Requirements}{section.4.2}% 29
\BOOKMARK [1][-]{section.4.3}{Increment request field}{chapter.4}% 30
\BOOKMARK [2][-]{subsection.4.3.1}{Description and Priority}{section.4.3}% 31
\BOOKMARK [2][-]{subsection.4.3.2}{Stimulus/Response Sequences}{section.4.3}% 32
\BOOKMARK [2][-]{subsection.4.3.3}{Functional Requirements}{section.4.3}% 33
\BOOKMARK [1][-]{section.4.4}{Request for new book}{chapter.4}% 34
\BOOKMARK [2][-]{subsection.4.4.1}{Description and Priority}{section.4.4}% 35
\BOOKMARK [2][-]{subsection.4.4.2}{Stimulus/Response Sequences}{section.4.4}% 36
\BOOKMARK [2][-]{subsection.4.4.3}{Functional Requirements}{section.4.4}% 37
\BOOKMARK [1][-]{section.4.5}{Update inventory}{chapter.4}% 38
\BOOKMARK [2][-]{subsection.4.5.1}{Description and Priority}{section.4.5}% 39
\BOOKMARK [2][-]{subsection.4.5.2}{Stimulus/Response Sequences}{section.4.5}% 40
\BOOKMARK [2][-]{subsection.4.5.3}{Functional Requirements}{section.4.5}% 41
\BOOKMARK [1][-]{section.4.6}{Add to cart}{chapter.4}% 42
\BOOKMARK [2][-]{subsection.4.6.1}{Description and Priority}{section.4.6}% 43
\BOOKMARK [2][-]{subsection.4.6.2}{Stimulus/Response Sequences}{section.4.6}% 44
\BOOKMARK [2][-]{subsection.4.6.3}{Functional Requirements}{section.4.6}% 45
\BOOKMARK [1][-]{section.4.7}{View statistics}{chapter.4}% 46
\BOOKMARK [2][-]{subsection.4.7.1}{Description and Priority}{section.4.7}% 47
\BOOKMARK [2][-]{subsection.4.7.2}{Stimulus/Response Sequences}{section.4.7}% 48
\BOOKMARK [2][-]{subsection.4.7.3}{Functional Requirements}{section.4.7}% 49
\BOOKMARK [1][-]{section.4.8}{View requests}{chapter.4}% 50
\BOOKMARK [2][-]{subsection.4.8.1}{Description and Priority}{section.4.8}% 51
\BOOKMARK [2][-]{subsection.4.8.2}{Stimulus/Response Sequences}{section.4.8}% 52
\BOOKMARK [2][-]{subsection.4.8.3}{Functional Requirements}{section.4.8}% 53
\BOOKMARK [0][-]{chapter.5}{Other Nonfunctional Requirements}{}% 54
\BOOKMARK [1][-]{section.5.1}{Performance Requirements}{chapter.5}% 55
\BOOKMARK [1][-]{section.5.2}{Safety Requirements}{chapter.5}% 56
\BOOKMARK [1][-]{section.5.3}{Security Requirements}{chapter.5}% 57
\BOOKMARK [1][-]{section.5.4}{Software Quality Attributes}{chapter.5}% 58
\BOOKMARK [1][-]{section.5.5}{Business Rules}{chapter.5}% 59
